<?xml version="1.0" encoding="UTF-8"?>
<!-- Generated by org.testng.reporters.JUnitReportReporter -->
<testsuite hostname="DESKTOP-4KLHDHN" failures="0" tests="1" name="intro.Sample" time="0.003" errors="0" timestamp="2024-11-12T17:39:56 IST" skipped="0">
  <testcase classname="intro.Sample" name="run" time="0.003"/>
  <system-out/>
</testsuite> <!-- intro.Sample -->
