<?xml version="1.0" encoding="UTF-8"?>
<!-- Generated by org.testng.reporters.JUnitReportReporter -->
<testsuite hostname="DESKTOP-4KLHDHN" failures="0" tests="3" name="intro.Demo" time="0.009" errors="0" timestamp="2024-11-12T16:18:33 IST" skipped="0">
  <testcase classname="intro.Demo" name="webAppHouseLone" time="0.003"/>
  <system-out/>
  <testcase classname="intro.Demo" name="mobileAppHouseLone" time="0.001"/>
  <system-out/>
  <testcase classname="intro.Demo" name="restAPIHouseLone" time="0.005"/>
  <system-out/>
</testsuite> <!-- intro.Demo -->
