<?xml version="1.0" encoding="UTF-8"?>
<!-- Generated by org.testng.reporters.JUnitReportReporter -->
<testsuite hostname="DESKTOP-4KLHDHN" failures="0" tests="2" name="intro.HouseLone" time="0.019" errors="0" timestamp="2024-11-12T17:39:56 IST" skipped="0">
  <testcase classname="intro.HouseLone" name="restAPIHouseLone" time="0.016"/>
  <system-out/>
  <testcase classname="intro.HouseLone" name="webAppHouseLone" time="0.003"/>
  <system-out/>
</testsuite> <!-- intro.HouseLone -->
