<?xml version="1.0" encoding="UTF-8"?>
<!-- Generated by org.testng.reporters.JUnitReportReporter -->
<testsuite hostname="DESKTOP-4KLHDHN" failures="0" tests="2" name="intro.Car" time="0.005" errors="0" timestamp="2024-11-12T16:36:35 IST" skipped="0">
  <testcase classname="intro.Car" name="color" time="0.003"/>
  <system-out/>
  <testcase classname="intro.Car" name="company" time="0.002"/>
  <system-out/>
</testsuite> <!-- intro.Car -->
